<?xml version="1.0" encoding="UTF-8"?>
<testsuite xmlns:xsi="http://www.w3.org/2001/XMLSchema-instance" xsi:noNamespaceSchemaLocation="https://maven.apache.org/surefire/maven-surefire-plugin/xsd/surefire-test-report-3.0.xsd" version="3.0" name="com.mulesoft.connectors.spiff.SpiffImportOperationsTest" time="0.001" tests="7" errors="0" skipped="0" failures="0">
  <properties>
[...]
</properties>
  <testcase name="getImportMethodExists" classname="com.mulesoft.connectors.spiff.SpiffImportOperationsTest" time="0.0"/>
  <testcase name="importOperationsClassHasFourMethods" classname="com.mulesoft.connectors.spiff.SpiffImportOperationsTest" time="0.0"/>
  <testcase name="hmacConnectionBaseUrlEuSubdomain" classname="com.mulesoft.connectors.spiff.SpiffImportOperationsTest" time="0.0"/>
  <testcase name="testImportMethodExists" classname="com.mulesoft.connectors.spiff.SpiffImportOperationsTest" time="0.0"/>
  <testcase name="createOrDeleteRecordsMethodExists" classname="com.mulesoft.connectors.spiff.SpiffImportOperationsTest" time="0.0"/>
  <testcase name="hmacConnectionBaseUrlUsSubdomain" classname="com.mulesoft.connectors.spiff.SpiffImportOperationsTest" time="0.0"/>
  <testcase name="listImportsMethodExists" classname="com.mulesoft.connectors.spiff.SpiffImportOperationsTest" time="0.0"/>
</testsuite>